<?xml version="1.0" encoding="UTF-8"?>
<!-- Generated by org.testng.reporters.JUnitReportReporter -->
<testsuite hostname="WKMZTBCA9DFE.global.publicisgroupe.net" failures="0" tests="1" name="com.crm.qa.testcases.LoginPageTest" time="38.481" errors="0" timestamp="28 Mar 2022 04:08:02 GMT" skipped="0">
  <testcase classname="com.crm.qa.testcases.LoginPageTest" name="loginTest" time="38.481"/>
</testsuite> <!-- com.crm.qa.testcases.LoginPageTest -->
